0 info it worked if it ends with ok
1 verbose cli [ 'C:\\Program Files\\nodejs\\\\node.exe',
1 verbose cli   'C:\\Program Files\\nodejs\\node_modules\\npm\\bin\\npm-cli.js',
1 verbose cli   'install',
1 verbose cli   'stylus',
1 verbose cli   'morgan',
1 verbose cli   'bosy-parser',
1 verbose cli   '--save' ]
2 info using npm@1.4.28
3 info using node@v0.10.36
4 verbose node symlink C:\Program Files\nodejs\\node.exe
5 warn package.json mean-app@1.0.0 No description
6 verbose readDependencies using package.json deps
7 verbose cache add [ 'stylus', null ]
8 verbose cache add name=undefined spec="stylus" args=["stylus",null]
9 verbose parsed url { protocol: null,
9 verbose parsed url   slashes: null,
9 verbose parsed url   auth: null,
9 verbose parsed url   host: null,
9 verbose parsed url   port: null,
9 verbose parsed url   hostname: null,
9 verbose parsed url   hash: null,
9 verbose parsed url   search: null,
9 verbose parsed url   query: null,
9 verbose parsed url   pathname: 'stylus',
9 verbose parsed url   path: 'stylus',
9 verbose parsed url   href: 'stylus' }
10 verbose cache add [ 'morgan', null ]
11 verbose cache add name=undefined spec="morgan" args=["morgan",null]
12 verbose parsed url { protocol: null,
12 verbose parsed url   slashes: null,
12 verbose parsed url   auth: null,
12 verbose parsed url   host: null,
12 verbose parsed url   port: null,
12 verbose parsed url   hostname: null,
12 verbose parsed url   hash: null,
12 verbose parsed url   search: null,
12 verbose parsed url   query: null,
12 verbose parsed url   pathname: 'morgan',
12 verbose parsed url   path: 'morgan',
12 verbose parsed url   href: 'morgan' }
13 verbose cache add [ 'bosy-parser', null ]
14 verbose cache add name=undefined spec="bosy-parser" args=["bosy-parser",null]
15 verbose parsed url { protocol: null,
15 verbose parsed url   slashes: null,
15 verbose parsed url   auth: null,
15 verbose parsed url   host: null,
15 verbose parsed url   port: null,
15 verbose parsed url   hostname: null,
15 verbose parsed url   hash: null,
15 verbose parsed url   search: null,
15 verbose parsed url   query: null,
15 verbose parsed url   pathname: 'bosy-parser',
15 verbose parsed url   path: 'bosy-parser',
15 verbose parsed url   href: 'bosy-parser' }
16 silly lockFile 27c0f414-stylus stylus
17 verbose lock stylus C:\Users\kattamum\AppData\Roaming\npm-cache\27c0f414-stylus.lock
18 silly lockFile 519bc3f0-morgan morgan
19 verbose lock morgan C:\Users\kattamum\AppData\Roaming\npm-cache\519bc3f0-morgan.lock
20 silly lockFile fb8ede47-bosy-parser bosy-parser
21 verbose lock bosy-parser C:\Users\kattamum\AppData\Roaming\npm-cache\fb8ede47-bosy-parser.lock
22 silly lockFile fb8ede47-bosy-parser bosy-parser
23 silly lockFile fb8ede47-bosy-parser bosy-parser
24 silly lockFile 27c0f414-stylus stylus
25 silly lockFile 27c0f414-stylus stylus
26 silly lockFile 519bc3f0-morgan morgan
27 silly lockFile 519bc3f0-morgan morgan
28 verbose addNamed [ 'bosy-parser', '' ]
29 verbose addNamed [ null, '*' ]
30 silly lockFile ab01921b-bosy-parser bosy-parser@
31 verbose lock bosy-parser@ C:\Users\kattamum\AppData\Roaming\npm-cache\ab01921b-bosy-parser.lock
32 verbose addNamed [ 'stylus', '' ]
33 verbose addNamed [ null, '*' ]
34 silly lockFile 5140332e-stylus stylus@
35 verbose lock stylus@ C:\Users\kattamum\AppData\Roaming\npm-cache\5140332e-stylus.lock
36 verbose addNamed [ 'morgan', '' ]
37 verbose addNamed [ null, '*' ]
38 silly lockFile aca3bbc6-morgan morgan@
39 verbose lock morgan@ C:\Users\kattamum\AppData\Roaming\npm-cache\aca3bbc6-morgan.lock
40 silly addNameRange { name: 'bosy-parser', range: '*', hasData: false }
41 silly addNameRange { name: 'stylus', range: '*', hasData: false }
42 silly addNameRange { name: 'morgan', range: '*', hasData: false }
43 verbose request where is /bosy-parser
44 verbose request registry https://registry.npmjs.org/
45 verbose request id 5cb94ed8392c3d21
46 verbose url raw /bosy-parser
47 verbose url resolving [ 'https://registry.npmjs.org/', './bosy-parser' ]
48 verbose url resolved https://registry.npmjs.org/bosy-parser
49 verbose request where is https://registry.npmjs.org/bosy-parser
50 info trying registry request attempt 1 at 16:47:09
51 http GET https://registry.npmjs.org/bosy-parser
52 verbose request where is /stylus
53 verbose request registry https://registry.npmjs.org/
54 verbose url raw /stylus
55 verbose url resolving [ 'https://registry.npmjs.org/', './stylus' ]
56 verbose url resolved https://registry.npmjs.org/stylus
57 verbose request where is https://registry.npmjs.org/stylus
58 info trying registry request attempt 1 at 16:47:09
59 http GET https://registry.npmjs.org/stylus
60 verbose request where is /morgan
61 verbose request registry https://registry.npmjs.org/
62 verbose url raw /morgan
63 verbose url resolving [ 'https://registry.npmjs.org/', './morgan' ]
64 verbose url resolved https://registry.npmjs.org/morgan
65 verbose request where is https://registry.npmjs.org/morgan
66 info trying registry request attempt 1 at 16:47:09
67 http GET https://registry.npmjs.org/morgan
68 http 200 https://registry.npmjs.org/morgan
69 silly registry.get cb [ 200,
69 silly registry.get   { server: 'nginx/1.10.3',
69 silly registry.get     'content-type': 'application/json',
69 silly registry.get     'last-modified': 'Wed, 10 May 2017 07:18:24 GMT',
69 silly registry.get     etag: 'W/"5912bec0-d0a8"',
69 silly registry.get     'content-encoding': 'gzip',
69 silly registry.get     'cache-control': 'max-age=300',
69 silly registry.get     'content-length': '9409',
69 silly registry.get     'accept-ranges': 'bytes',
69 silly registry.get     date: 'Wed, 10 May 2017 11:17:11 GMT',
69 silly registry.get     via: '1.1 varnish',
69 silly registry.get     age: '113',
69 silly registry.get     connection: 'keep-alive',
69 silly registry.get     'x-served-by': 'cache-sin18024-SIN',
69 silly registry.get     'x-cache': 'HIT',
69 silly registry.get     'x-cache-hits': '2',
69 silly registry.get     'x-timer': 'S1494415032.517370,VS0,VE0',
69 silly registry.get     vary: 'Accept-Encoding' } ]
70 silly addNameRange number 2 { name: 'morgan', range: '*', hasData: true }
71 silly addNameRange versions [ 'morgan',
71 silly addNameRange   [ '1.0.0',
71 silly addNameRange     '1.0.1',
71 silly addNameRange     '1.1.0',
71 silly addNameRange     '1.1.1',
71 silly addNameRange     '1.2.0',
71 silly addNameRange     '1.2.1',
71 silly addNameRange     '1.2.2',
71 silly addNameRange     '1.2.3',
71 silly addNameRange     '1.3.0',
71 silly addNameRange     '1.3.1',
71 silly addNameRange     '1.3.2',
71 silly addNameRange     '1.4.0',
71 silly addNameRange     '1.4.1',
71 silly addNameRange     '1.5.0',
71 silly addNameRange     '1.5.1',
71 silly addNameRange     '1.5.2',
71 silly addNameRange     '1.5.3',
71 silly addNameRange     '1.6.0',
71 silly addNameRange     '1.6.1',
71 silly addNameRange     '1.7.0',
71 silly addNameRange     '1.8.0',
71 silly addNameRange     '1.8.1' ] ]
72 verbose addNamed [ 'morgan', '1.8.1' ]
73 verbose addNamed [ '1.8.1', '1.8.1' ]
74 silly lockFile 8aab877e-morgan-1-8-1 morgan@1.8.1
75 verbose lock morgan@1.8.1 C:\Users\kattamum\AppData\Roaming\npm-cache\8aab877e-morgan-1-8-1.lock
76 silly lockFile 8dad2ad4-pmjs-org-morgan-morgan-1-8-1-tgz https://registry.npmjs.org/morgan/-/morgan-1.8.1.tgz
77 verbose lock https://registry.npmjs.org/morgan/-/morgan-1.8.1.tgz C:\Users\kattamum\AppData\Roaming\npm-cache\8dad2ad4-pmjs-org-morgan-morgan-1-8-1-tgz.lock
78 verbose addRemoteTarball [ 'https://registry.npmjs.org/morgan/-/morgan-1.8.1.tgz',
78 verbose addRemoteTarball   'f93023d3887bd27b78dfd6023cea7892ee27a4b1' ]
79 info retry fetch attempt 1 at 16:47:10
80 verbose fetch to= C:\windows\TEMP\npm-20020-g3qM_8tE\registry.npmjs.org\morgan\-\morgan-1.8.1.tgz
81 http GET https://registry.npmjs.org/morgan/-/morgan-1.8.1.tgz
82 http 200 https://registry.npmjs.org/stylus
83 silly registry.get cb [ 200,
83 silly registry.get   { server: 'nginx/1.10.1',
83 silly registry.get     'content-type': 'application/json',
83 silly registry.get     'last-modified': 'Tue, 11 Apr 2017 21:16:34 GMT',
83 silly registry.get     etag: 'W/"58ed47b2-31474"',
83 silly registry.get     'content-encoding': 'gzip',
83 silly registry.get     'cache-control': 'max-age=300',
83 silly registry.get     'content-length': '16828',
83 silly registry.get     'accept-ranges': 'bytes',
83 silly registry.get     date: 'Wed, 10 May 2017 11:17:11 GMT',
83 silly registry.get     via: '1.1 varnish',
83 silly registry.get     age: '149',
83 silly registry.get     connection: 'keep-alive',
83 silly registry.get     'x-served-by': 'cache-ams4127-AMS',
83 silly registry.get     'x-cache': 'HIT',
83 silly registry.get     'x-cache-hits': '1',
83 silly registry.get     'x-timer': 'S1494415032.892262,VS0,VE0',
83 silly registry.get     vary: 'Accept-Encoding' } ]
84 silly addNameRange number 2 { name: 'stylus', range: '*', hasData: true }
85 silly addNameRange versions [ 'stylus',
85 silly addNameRange   [ '0.0.1',
85 silly addNameRange     '0.0.2',
85 silly addNameRange     '0.1.0',
85 silly addNameRange     '0.2.0',
85 silly addNameRange     '0.2.1',
85 silly addNameRange     '0.3.0',
85 silly addNameRange     '0.3.1',
85 silly addNameRange     '0.4.0',
85 silly addNameRange     '0.4.1',
85 silly addNameRange     '0.5.0',
85 silly addNameRange     '0.5.1',
85 silly addNameRange     '0.5.2',
85 silly addNameRange     '0.5.3',
85 silly addNameRange     '0.6.0',
85 silly addNameRange     '0.6.2',
85 silly addNameRange     '0.6.3',
85 silly addNameRange     '0.6.4',
85 silly addNameRange     '0.6.5',
85 silly addNameRange     '0.6.6',
85 silly addNameRange     '0.6.7',
85 silly addNameRange     '0.7.0',
85 silly addNameRange     '0.7.1',
85 silly addNameRange     '0.7.2',
85 silly addNameRange     '0.7.3',
85 silly addNameRange     '0.7.4',
85 silly addNameRange     '0.8.0',
85 silly addNameRange     '0.9.0',
85 silly addNameRange     '0.9.1',
85 silly addNameRange     '0.9.2',
85 silly addNameRange     '0.10.0',
85 silly addNameRange     '0.11.0',
85 silly addNameRange     '0.11.1',
85 silly addNameRange     '0.11.2',
85 silly addNameRange     '0.11.3',
85 silly addNameRange     '0.11.4',
85 silly addNameRange     '0.11.5',
85 silly addNameRange     '0.11.6',
85 silly addNameRange     '0.11.7',
85 silly addNameRange     '0.11.8',
85 silly addNameRange     '0.11.9',
85 silly addNameRange     '0.11.10',
85 silly addNameRange     '0.11.11',
85 silly addNameRange     '0.11.12',
85 silly addNameRange     '0.12.0',
85 silly addNameRange     '0.12.1',
85 silly addNameRange     '0.12.2',
85 silly addNameRange     '0.12.3',
85 silly addNameRange     '0.12.4',
85 silly addNameRange     '0.13.0',
85 silly addNameRange     '0.13.1',
85 silly addNameRange     '0.13.2',
85 silly addNameRange     '0.13.3',
85 silly addNameRange     '0.13.4',
85 silly addNameRange     '0.13.5',
85 silly addNameRange     '0.13.6',
85 silly addNameRange     '0.13.7',
85 silly addNameRange     '0.13.8',
85 silly addNameRange     '0.13.9',
85 silly addNameRange     '0.14.0',
85 silly addNameRange     '0.15.0',
85 silly addNameRange     '0.15.1',
85 silly addNameRange     '0.15.2',
85 silly addNameRange     '0.15.3',
85 silly addNameRange     '0.15.4',
85 silly addNameRange     '0.16.0',
85 silly addNameRange     '0.17.0',
85 silly addNameRange     '0.18.0',
85 silly addNameRange     '0.19.0',
85 silly addNameRange     '0.19.1',
85 silly addNameRange     '0.19.2',
85 silly addNameRange     '0.19.3',
85 silly addNameRange     '0.19.4',
85 silly addNameRange     '0.19.5',
85 silly addNameRange     '0.19.6',
85 silly addNameRange     '0.19.7',
85 silly addNameRange     '0.19.8',
85 silly addNameRange     '0.20.0',
85 silly addNameRange     '0.20.1',
85 silly addNameRange     '0.21.0',
85 silly addNameRange     '0.21.1',
85 silly addNameRange     '0.21.2',
85 silly addNameRange     '0.22.0',
85 silly addNameRange     '0.22.1',
85 silly addNameRange     '0.22.2',
85 silly addNameRange     '0.22.3',
85 silly addNameRange     '0.22.4',
85 silly addNameRange     '0.22.5',
85 silly addNameRange     '0.22.6',
85 silly addNameRange     '0.23.0',
85 silly addNameRange     '0.24.0',
85 silly addNameRange     '0.25.0',
85 silly addNameRange     '0.26.0',
85 silly addNameRange     '0.26.1',
85 silly addNameRange     '0.27.0',
85 silly addNameRange     '0.27.1',
85 silly addNameRange     '0.27.2',
85 silly addNameRange     '0.28.0',
85 silly addNameRange     '0.28.1',
85 silly addNameRange     '0.28.2',
85 silly addNameRange     '0.29.0',
85 silly addNameRange     '0.30.0',
85 silly addNameRange     '0.30.1',
85 silly addNameRange     '0.31.0',
85 silly addNameRange     '0.32.0',
85 silly addNameRange     '0.32.1',
85 silly addNameRange     '0.33.0',
85 silly addNameRange     '0.33.1',
85 silly addNameRange     '0.34.0',
85 silly addNameRange     '0.34.1',
85 silly addNameRange     '0.35.0',
85 silly addNameRange     '0.35.1',
85 silly addNameRange     '0.36.0',
85 silly addNameRange     '0.36.1',
85 silly addNameRange     '0.37.0',
85 silly addNameRange     '0.38.0',
85 silly addNameRange     '0.39.0',
85 silly addNameRange     '0.39.1',
85 silly addNameRange     '0.39.2',
85 silly addNameRange     '0.39.3',
85 silly addNameRange     '0.39.4',
85 silly addNameRange     '0.40.0',
85 silly addNameRange     '0.40.1',
85 silly addNameRange     '0.40.2',
85 silly addNameRange     '0.40.3',
85 silly addNameRange     '0.41.0',
85 silly addNameRange     '0.41.1',
85 silly addNameRange     '0.41.2',
85 silly addNameRange     '0.41.3',
85 silly addNameRange     '0.42.0',
85 silly addNameRange     '0.42.1',
85 silly addNameRange     '0.42.2',
85 silly addNameRange     '0.42.3',
85 silly addNameRange     '0.43.0',
85 silly addNameRange     '0.44.0-beta',
85 silly addNameRange     '0.43.1',
85 silly addNameRange     '0.44.0-beta2',
85 silly addNameRange     '0.44.0-beta3',
85 silly addNameRange     '0.44.0',
85 silly addNameRange     '0.45.0',
85 silly addNameRange     '0.45.1',
85 silly addNameRange     '0.46.0',
85 silly addNameRange     '0.46.1',
85 silly addNameRange     '0.46.2',
85 silly addNameRange     '0.46.3',
85 silly addNameRange     '0.47.0',
85 silly addNameRange     '0.47.1',
85 silly addNameRange     '0.47.2',
85 silly addNameRange     '0.47.3',
85 silly addNameRange     '0.48.0',
85 silly addNameRange     '0.48.1',
85 silly addNameRange     '0.49.0',
85 silly addNameRange     '0.49.1',
85 silly addNameRange     '0.49.2',
85 silly addNameRange     '0.49.3',
85 silly addNameRange     '0.50.0',
85 silly addNameRange     '0.51.0',
85 silly addNameRange     '0.51.1',
85 silly addNameRange     '0.52.0-alpha',
85 silly addNameRange     '0.52.0',
85 silly addNameRange     '0.52.1',
85 silly addNameRange     '0.52.2',
85 silly addNameRange     '0.52.3',
85 silly addNameRange     '0.52.4',
85 silly addNameRange     '0.53.0',
85 silly addNameRange     '0.54.0',
85 silly addNameRange     '0.54.2',
85 silly addNameRange     '0.54.3',
85 silly addNameRange     '0.54.4',
85 silly addNameRange     '0.54.5' ] ]
86 verbose addNamed [ 'stylus', '0.54.5' ]
87 verbose addNamed [ '0.54.5', '0.54.5' ]
88 silly lockFile 4afa9a0e-stylus-0-54-5 stylus@0.54.5
89 verbose lock stylus@0.54.5 C:\Users\kattamum\AppData\Roaming\npm-cache\4afa9a0e-stylus-0-54-5.lock
90 silly lockFile 72885f89-mjs-org-stylus-stylus-0-54-5-tgz https://registry.npmjs.org/stylus/-/stylus-0.54.5.tgz
91 verbose lock https://registry.npmjs.org/stylus/-/stylus-0.54.5.tgz C:\Users\kattamum\AppData\Roaming\npm-cache\72885f89-mjs-org-stylus-stylus-0-54-5-tgz.lock
92 verbose addRemoteTarball [ 'https://registry.npmjs.org/stylus/-/stylus-0.54.5.tgz',
92 verbose addRemoteTarball   '42b9560931ca7090ce8515a798ba9e6aa3d6dc79' ]
93 info retry fetch attempt 1 at 16:47:10
94 verbose fetch to= C:\windows\TEMP\npm-20020-g3qM_8tE\registry.npmjs.org\stylus\-\stylus-0.54.5.tgz
95 http GET https://registry.npmjs.org/stylus/-/stylus-0.54.5.tgz
96 http 200 https://registry.npmjs.org/morgan/-/morgan-1.8.1.tgz
97 silly lockFile 8dad2ad4-pmjs-org-morgan-morgan-1-8-1-tgz https://registry.npmjs.org/morgan/-/morgan-1.8.1.tgz
98 silly lockFile 8dad2ad4-pmjs-org-morgan-morgan-1-8-1-tgz https://registry.npmjs.org/morgan/-/morgan-1.8.1.tgz
99 silly lockFile 8aab877e-morgan-1-8-1 morgan@1.8.1
100 silly lockFile 8aab877e-morgan-1-8-1 morgan@1.8.1
101 silly lockFile aca3bbc6-morgan morgan@
102 silly lockFile aca3bbc6-morgan morgan@
103 http 404 https://registry.npmjs.org/bosy-parser
104 silly registry.get cb [ 404,
104 silly registry.get   { 'content-type': 'application/json',
104 silly registry.get     'cache-control': 'max-age=0',
104 silly registry.get     'content-length': '2',
104 silly registry.get     'accept-ranges': 'bytes',
104 silly registry.get     date: 'Wed, 10 May 2017 11:17:12 GMT',
104 silly registry.get     via: '1.1 varnish',
104 silly registry.get     age: '0',
104 silly registry.get     connection: 'keep-alive',
104 silly registry.get     'x-served-by': 'cache-ams4147-AMS',
104 silly registry.get     'x-cache': 'MISS',
104 silly registry.get     'x-cache-hits': '0',
104 silly registry.get     'x-timer': 'S1494415032.885505,VS0,VE678',
104 silly registry.get     vary: 'Accept-Encoding' } ]
105 silly lockFile ab01921b-bosy-parser bosy-parser@
106 silly lockFile ab01921b-bosy-parser bosy-parser@
107 http 200 https://registry.npmjs.org/stylus/-/stylus-0.54.5.tgz
108 silly lockFile 72885f89-mjs-org-stylus-stylus-0-54-5-tgz https://registry.npmjs.org/stylus/-/stylus-0.54.5.tgz
109 silly lockFile 72885f89-mjs-org-stylus-stylus-0-54-5-tgz https://registry.npmjs.org/stylus/-/stylus-0.54.5.tgz
110 silly lockFile 4afa9a0e-stylus-0-54-5 stylus@0.54.5
111 silly lockFile 4afa9a0e-stylus-0-54-5 stylus@0.54.5
112 silly lockFile 5140332e-stylus stylus@
113 silly lockFile 5140332e-stylus stylus@
114 error 404 Not Found
114 error 404
114 error 404 'bosy-parser' is not in the npm registry.
114 error 404 You should bug the author to publish it
114 error 404 It was specified as a dependency of 'mean-app'
114 error 404
114 error 404 Note that you can also install from a
114 error 404 tarball, folder, or http url, or git url.
115 error System Windows_NT 6.1.7601
116 error command "C:\\Program Files\\nodejs\\\\node.exe" "C:\\Program Files\\nodejs\\node_modules\\npm\\bin\\npm-cli.js" "install" "stylus" "morgan" "bosy-parser" "--save"
117 error cwd C:\myGitHub\mean-app
118 error node -v v0.10.36
119 error npm -v 1.4.28
120 error code E404
121 verbose exit [ 1, true ]
